# JRE version: OpenJDK Runtime Environment Temurin-21.0.7+6 (21.0.7+6) (build 21.0.7+6-LTS)
# Java VM: OpenJDK 64-Bit Server VM Temurin-21.0.7+6 (21.0.7+6-LTS, mixed mode, sharing, tiered, compressed oops, compressed class ptrs, parallel gc, windows-amd64)
GC Precious Log:
 CardTable entry size: 512
 CPUs: 4 total, 4 available
 Memory: 8095M
 Large Page Support: Disabled
 NUMA Support: Disabled
 Compressed Oops: Enabled (Zero based)
 Alignments: Space 512K, Generation 512K, Heap 2M
 Heap Min Capacity: 8M
 Heap Initial Capacity: 128M
 Heap Max Capacity: 8G
 Pre-touch: Disabled
 Parallel Workers: 4
Heap:
 PSYoungGen      total 879616K, used 208910K [0x0000000755580000, 0x0000000793900000, 0x0000000800000000)
  eden space 779264K, 26% used [0x0000000755580000,0x00000007621838a0,0x0000000784e80000)
  from space 100352K, 0% used [0x0000000784e80000,0x0000000784e80000,0x000000078b080000)
  to   space 103424K, 0% used [0x000000078d400000,0x000000078d400000,0x0000000793900000)
 ParOldGen       total 393216K, used 163089K [0x0000000600000000, 0x0000000618000000, 0x0000000755580000)
  object space 393216K, 41% used [0x0000000600000000,0x0000000609f44750,0x0000000618000000)
 Metaspace       used 228690K, committed 231552K, reserved 1114112K
  class space    used 27820K, committed 29248K, reserved 851968K
GC Heap History (20 events):
Event: 77.290 GC heap before
{Heap before GC invocations=32 (full 6):
 PSYoungGen      total 646144K, used 576K [0x0000000755580000, 0x0000000780e00000, 0x0000000800000000)
  eden space 580096K, 0% used [0x0000000755580000,0x0000000755580000,0x0000000778c00000)
  from space 66048K, 0% used [0x000000077cd80000,0x000000077ce10000,0x0000000780e00000)
  to   space 66560K, 0% used [0x0000000778c00000,0x0000000778c00000,0x000000077cd00000)
 ParOldGen       total 265216K, used 265028K [0x0000000600000000, 0x0000000610300000, 0x0000000755580000)
  object space 265216K, 99% used [0x0000000600000000,0x00000006102d12a0,0x0000000610300000)
 Metaspace       used 170310K, committed 172864K, reserved 1048576K
  class space    used 21447K, committed 22720K, reserved 851968K
}
Event: 78.078 GC heap after
{Heap after GC invocations=32 (full 6):
 PSYoungGen      total 646144K, used 0K [0x0000000755580000, 0x0000000780e00000, 0x0000000800000000)
  eden space 580096K, 0% used [0x0000000755580000,0x0000000755580000,0x0000000778c00000)
  from space 66048K, 0% used [0x000000077cd80000,0x000000077cd80000,0x0000000780e00000)
  to   space 66560K, 0% used [0x0000000778c00000,0x0000000778c00000,0x000000077cd00000)
 ParOldGen       total 265216K, used 263062K [0x0000000600000000, 0x0000000610300000, 0x0000000755580000)
  object space 265216K, 99% used [0x0000000600000000,0x00000006100e5950,0x0000000610300000)
 Metaspace       used 170310K, committed 172864K, reserved 1048576K
  class space    used 21447K, committed 22720K, reserved 851968K
}
Event: 91.133 GC heap before
{Heap before GC invocations=33 (full 6):
 PSYoungGen      total 646144K, used 580096K [0x0000000755580000, 0x0000000780e00000, 0x0000000800000000)
  eden space 580096K, 100% used [0x0000000755580000,0x0000000778c00000,0x0000000778c00000)
  from space 66048K, 0% used [0x000000077cd80000,0x000000077cd80000,0x0000000780e00000)
  to   space 66560K, 0% used [0x0000000778c00000,0x0000000778c00000,0x000000077cd00000)
 ParOldGen       total 265216K, used 263062K [0x0000000600000000, 0x0000000610300000, 0x0000000755580000)
  object space 265216K, 99% used [0x0000000600000000,0x00000006100e5950,0x0000000610300000)
 Metaspace       used 177051K, committed 179712K, reserved 1048576K
  class space    used 22032K, committed 23360K, reserved 851968K
}
Event: 91.173 GC heap after
{Heap after GC invocations=33 (full 6):
 PSYoungGen      total 646656K, used 19143K [0x0000000755580000, 0x000000078e900000, 0x0000000800000000)
  eden space 580096K, 0% used [0x0000000755580000,0x0000000755580000,0x0000000778c00000)
  from space 66560K, 28% used [0x0000000778c00000,0x0000000779eb1e88,0x000000077cd00000)
  to   space 62464K, 0% used [0x000000078ac00000,0x000000078ac00000,0x000000078e900000)
 ParOldGen       total 265216K, used 263070K [0x0000000600000000, 0x0000000610300000, 0x0000000755580000)
  object space 265216K, 99% used [0x0000000600000000,0x00000006100e7950,0x0000000610300000)
 Metaspace       used 177051K, committed 179712K, reserved 1048576K
  class space    used 22032K, committed 23360K, reserved 851968K
}
Event: 96.062 GC heap before
{Heap before GC invocations=34 (full 6):
 PSYoungGen      total 646656K, used 398361K [0x0000000755580000, 0x000000078e900000, 0x0000000800000000)
  eden space 580096K, 65% used [0x0000000755580000,0x000000076c7d47c0,0x0000000778c00000)
  from space 66560K, 28% used [0x0000000778c00000,0x0000000779eb1e88,0x000000077cd00000)
  to   space 62464K, 0% used [0x000000078ac00000,0x000000078ac00000,0x000000078e900000)
 ParOldGen       total 265216K, used 263070K [0x0000000600000000, 0x0000000610300000, 0x0000000755580000)
  object space 265216K, 99% used [0x0000000600000000,0x00000006100e7950,0x0000000610300000)
 Metaspace       used 177748K, committed 180352K, reserved 1048576K
  class space    used 22054K, committed 23360K, reserved 851968K
}
Event: 96.119 GC heap after
{Heap after GC invocations=34 (full 6):
 PSYoungGen      total 869888K, used 11488K [0x0000000755580000, 0x000000078e400000, 0x0000000800000000)
  eden space 812544K, 0% used [0x0000000755580000,0x0000000755580000,0x0000000786f00000)
  from space 57344K, 20% used [0x000000078ac00000,0x000000078b738010,0x000000078e400000)
  to   space 59904K, 0% used [0x0000000786f00000,0x0000000786f00000,0x000000078a980000)
 ParOldGen       total 282112K, used 282090K [0x0000000600000000, 0x0000000611380000, 0x0000000755580000)
  object space 282112K, 99% used [0x0000000600000000,0x000000061137a990,0x0000000611380000)
 Metaspace       used 177748K, committed 180352K, reserved 1048576K
  class space    used 22054K, committed 23360K, reserved 851968K
}
Event: 96.119 GC heap before
{Heap before GC invocations=35 (full 7):
 PSYoungGen      total 869888K, used 11488K [0x0000000755580000, 0x000000078e400000, 0x0000000800000000)
  eden space 812544K, 0% used [0x0000000755580000,0x0000000755580000,0x0000000786f00000)
  from space 57344K, 20% used [0x000000078ac00000,0x000000078b738010,0x000000078e400000)
  to   space 59904K, 0% used [0x0000000786f00000,0x0000000786f00000,0x000000078a980000)
 ParOldGen       total 282112K, used 282090K [0x0000000600000000, 0x0000000611380000, 0x0000000755580000)
  object space 282112K, 99% used [0x0000000600000000,0x000000061137a990,0x0000000611380000)
 Metaspace       used 177748K, committed 180352K, reserved 1048576K
  class space    used 22054K, committed 23360K, reserved 851968K
}
Event: 97.131 GC heap after
{Heap after GC invocations=35 (full 7):
 PSYoungGen      total 869888K, used 10396K [0x0000000755580000, 0x000000078e400000, 0x0000000800000000)
  eden space 812544K, 0% used [0x0000000755580000,0x0000000755580000,0x0000000786f00000)
  from space 57344K, 18% used [0x000000078ac00000,0x000000078b627160,0x000000078e400000)
  to   space 59904K, 0% used [0x0000000786f00000,0x0000000786f00000,0x000000078a980000)
 ParOldGen       total 282112K, used 282094K [0x0000000600000000, 0x0000000611380000, 0x0000000755580000)
  object space 282112K, 99% used [0x0000000600000000,0x000000061137b8e0,0x0000000611380000)
 Metaspace       used 177748K, committed 180352K, reserved 1048576K
  class space    used 22054K, committed 23360K, reserved 851968K
}
Event: 115.581 GC heap before
{Heap before GC invocations=36 (full 7):
 PSYoungGen      total 869888K, used 790222K [0x0000000755580000, 0x000000078e400000, 0x0000000800000000)
  eden space 812544K, 95% used [0x0000000755580000,0x0000000784f0c6e8,0x0000000786f00000)
  from space 57344K, 18% used [0x000000078ac00000,0x000000078b627160,0x000000078e400000)
  to   space 59904K, 0% used [0x0000000786f00000,0x0000000786f00000,0x000000078a980000)
 ParOldGen       total 282112K, used 282094K [0x0000000600000000, 0x0000000611380000, 0x0000000755580000)
  object space 282112K, 99% used [0x0000000600000000,0x000000061137b8e0,0x0000000611380000)
 Metaspace       used 189608K, committed 192320K, reserved 1048576K
  class space    used 23329K, committed 24640K, reserved 851968K
}
Event: 115.795 GC heap after
{Heap after GC invocations=36 (full 7):
 PSYoungGen      total 872448K, used 50459K [0x0000000755580000, 0x000000078f200000, 0x0000000800000000)
  eden space 812544K, 0% used [0x0000000755580000,0x0000000755580000,0x0000000786f00000)
  from space 59904K, 84% used [0x0000000786f00000,0x000000078a046f28,0x000000078a980000)
  to   space 67072K, 0% used [0x000000078b080000,0x000000078b080000,0x000000078f200000)
 ParOldGen       total 292864K, used 292438K [0x0000000600000000, 0x0000000611e00000, 0x0000000755580000)
  object space 292864K, 99% used [0x0000000600000000,0x0000000611d958f0,0x0000000611e00000)
 Metaspace       used 189608K, committed 192320K, reserved 1048576K
  class space    used 23329K, committed 24640K, reserved 851968K
}
Event: 115.795 GC heap before
{Heap before GC invocations=37 (full 8):
 PSYoungGen      total 872448K, used 50459K [0x0000000755580000, 0x000000078f200000, 0x0000000800000000)
  eden space 812544K, 0% used [0x0000000755580000,0x0000000755580000,0x0000000786f00000)
  from space 59904K, 84% used [0x0000000786f00000,0x000000078a046f28,0x000000078a980000)
  to   space 67072K, 0% used [0x000000078b080000,0x000000078b080000,0x000000078f200000)
 ParOldGen       total 292864K, used 292438K [0x0000000600000000, 0x0000000611e00000, 0x0000000755580000)
  object space 292864K, 99% used [0x0000000600000000,0x0000000611d958f0,0x0000000611e00000)
 Metaspace       used 189608K, committed 192320K, reserved 1048576K
  class space    used 23329K, committed 24640K, reserved 851968K
}
Event: 117.360 GC heap after
{Heap after GC invocations=37 (full 8):
 PSYoungGen      total 872448K, used 38311K [0x0000000755580000, 0x000000078f200000, 0x0000000800000000)
  eden space 812544K, 0% used [0x0000000755580000,0x0000000755580000,0x0000000786f00000)
  from space 59904K, 63% used [0x0000000786f00000,0x0000000789469e08,0x000000078a980000)
  to   space 67072K, 0% used [0x000000078b080000,0x000000078b080000,0x000000078f200000)
 ParOldGen       total 292864K, used 292615K [0x0000000600000000, 0x0000000611e00000, 0x0000000755580000)
  object space 292864K, 99% used [0x0000000600000000,0x0000000611dc1c40,0x0000000611e00000)
 Metaspace       used 189608K, committed 192320K, reserved 1048576K
  class space    used 23329K, committed 24640K, reserved 851968K
}
Event: 136.378 GC heap before
{Heap before GC invocations=38 (full 8):
 PSYoungGen      total 872448K, used 651640K [0x0000000755580000, 0x000000078f200000, 0x0000000800000000)
  eden space 812544K, 75% used [0x0000000755580000,0x000000077ac745e8,0x0000000786f00000)
  from space 59904K, 63% used [0x0000000786f00000,0x0000000789469e08,0x000000078a980000)
  to   space 67072K, 0% used [0x000000078b080000,0x000000078b080000,0x000000078f200000)
 ParOldGen       total 292864K, used 292615K [0x0000000600000000, 0x0000000611e00000, 0x0000000755580000)
  object space 292864K, 99% used [0x0000000600000000,0x0000000611dc1c40,0x0000000611e00000)
 Metaspace       used 195631K, committed 198400K, reserved 1048576K
  class space    used 23921K, committed 25280K, reserved 851968K
}
Event: 137.393 GC heap after
{Heap after GC invocations=38 (full 8):
 PSYoungGen      total 846336K, used 67068K [0x0000000755580000, 0x0000000793300000, 0x0000000800000000)
  eden space 779264K, 0% used [0x0000000755580000,0x0000000755580000,0x0000000784e80000)
  from space 67072K, 99% used [0x000000078b080000,0x000000078f1ff318,0x000000078f200000)
  to   space 100352K, 0% used [0x0000000784e80000,0x0000000784e80000,0x000000078b080000)
 ParOldGen       total 349696K, used 349577K [0x0000000600000000, 0x0000000615580000, 0x0000000755580000)
  object space 349696K, 99% used [0x0000000600000000,0x0000000615562460,0x0000000615580000)
 Metaspace       used 195631K, committed 198400K, reserved 1048576K
  class space    used 23921K, committed 25280K, reserved 851968K
}
Event: 137.393 GC heap before
{Heap before GC invocations=39 (full 9):
 PSYoungGen      total 846336K, used 67068K [0x0000000755580000, 0x0000000793300000, 0x0000000800000000)
  eden space 779264K, 0% used [0x0000000755580000,0x0000000755580000,0x0000000784e80000)
  from space 67072K, 99% used [0x000000078b080000,0x000000078f1ff318,0x000000078f200000)
  to   space 100352K, 0% used [0x0000000784e80000,0x0000000784e80000,0x000000078b080000)
 ParOldGen       total 349696K, used 349577K [0x0000000600000000, 0x0000000615580000, 0x0000000755580000)
  object space 349696K, 99% used [0x0000000600000000,0x0000000615562460,0x0000000615580000)
 Metaspace       used 195631K, committed 198400K, reserved 1048576K
  class space    used 23921K, committed 25280K, reserved 851968K
}
Event: 139.511 GC heap after
{Heap after GC invocations=39 (full 9):
 PSYoungGen      total 846336K, used 43378K [0x0000000755580000, 0x0000000793300000, 0x0000000800000000)
  eden space 779264K, 0% used [0x0000000755580000,0x0000000755580000,0x0000000784e80000)
  from space 67072K, 64% used [0x000000078b080000,0x000000078dadca28,0x000000078f200000)
  to   space 100352K, 0% used [0x0000000784e80000,0x0000000784e80000,0x000000078b080000)
 ParOldGen       total 349696K, used 349561K [0x0000000600000000, 0x0000000615580000, 0x0000000755580000)
  object space 349696K, 99% used [0x0000000600000000,0x000000061555e778,0x0000000615580000)
 Metaspace       used 195631K, committed 198400K, reserved 1048576K
  class space    used 23921K, committed 25280K, reserved 851968K
}
Event: 209.218 GC heap before
{Heap before GC invocations=40 (full 9):
 PSYoungGen      total 846336K, used 581099K [0x0000000755580000, 0x0000000793300000, 0x0000000800000000)
  eden space 779264K, 69% used [0x0000000755580000,0x000000077629e4b8,0x0000000784e80000)
  from space 67072K, 64% used [0x000000078b080000,0x000000078dadca28,0x000000078f200000)
  to   space 100352K, 0% used [0x0000000784e80000,0x0000000784e80000,0x000000078b080000)
 ParOldGen       total 349696K, used 349561K [0x0000000600000000, 0x0000000615580000, 0x0000000755580000)
  object space 349696K, 99% used [0x0000000600000000,0x000000061555e778,0x0000000615580000)
 Metaspace       used 231536K, committed 234432K, reserved 1114112K
  class space    used 28467K, committed 29888K, reserved 851968K
}
Event: 210.272 GC heap after
{Heap after GC invocations=40 (full 9):
 PSYoungGen      total 879616K, used 59428K [0x0000000755580000, 0x0000000793900000, 0x0000000800000000)
  eden space 779264K, 0% used [0x0000000755580000,0x0000000755580000,0x0000000784e80000)
  from space 100352K, 59% used [0x0000000784e80000,0x0000000788889108,0x000000078b080000)
  to   space 103424K, 0% used [0x000000078d400000,0x000000078d400000,0x0000000793900000)
 ParOldGen       total 393216K, used 393116K [0x0000000600000000, 0x0000000618000000, 0x0000000755580000)
  object space 393216K, 99% used [0x0000000600000000,0x0000000617fe7038,0x0000000618000000)
 Metaspace       used 231536K, committed 234432K, reserved 1114112K
  class space    used 28467K, committed 29888K, reserved 851968K
}
Event: 210.273 GC heap before
{Heap before GC invocations=41 (full 10):
 PSYoungGen      total 879616K, used 59428K [0x0000000755580000, 0x0000000793900000, 0x0000000800000000)
  eden space 779264K, 0% used [0x0000000755580000,0x0000000755580000,0x0000000784e80000)
  from space 100352K, 59% used [0x0000000784e80000,0x0000000788889108,0x000000078b080000)
  to   space 103424K, 0% used [0x000000078d400000,0x000000078d400000,0x0000000793900000)
 ParOldGen       total 393216K, used 393116K [0x0000000600000000, 0x0000000618000000, 0x0000000755580000)
  object space 393216K, 99% used [0x0000000600000000,0x0000000617fe7038,0x0000000618000000)
 Metaspace       used 231536K, committed 234432K, reserved 1114112K
  class space    used 28467K, committed 29888K, reserved 851968K
}
Event: 211.948 GC heap after
{Heap after GC invocations=41 (full 10):
 PSYoungGen      total 879616K, used 0K [0x0000000755580000, 0x0000000793900000, 0x0000000800000000)
  eden space 779264K, 0% used [0x0000000755580000,0x0000000755580000,0x0000000784e80000)
  from space 100352K, 0% used [0x0000000784e80000,0x0000000784e80000,0x000000078b080000)
  to   space 103424K, 0% used [0x000000078d400000,0x000000078d400000,0x0000000793900000)
 ParOldGen       total 393216K, used 163089K [0x0000000600000000, 0x0000000618000000, 0x0000000755580000)
  object space 393216K, 41% used [0x0000000600000000,0x0000000609f44750,0x0000000618000000)
 Metaspace       used 214112K, committed 221952K, reserved 1114112K
  class space    used 26459K, committed 28608K, reserved 851968K
}

