# JRE version: OpenJDK Runtime Environment Temurin-21.0.7+6 (21.0.7+6) (build 21.0.7+6-LTS)
# Java VM: OpenJDK 64-Bit Server VM Temurin-21.0.7+6 (21.0.7+6-LTS, mixed mode, sharing, tiered, compressed oops, compressed class ptrs, parallel gc, windows-amd64)
GC Precious Log:
 CardTable entry size: 512
 CPUs: 4 total, 4 available
 Memory: 8095M
 Large Page Support: Disabled
 NUMA Support: Disabled
 Compressed Oops: Enabled (Zero based)
 Alignments: Space 512K, Generation 512K, Heap 2M
 Heap Min Capacity: 8M
 Heap Initial Capacity: 128M
 Heap Max Capacity: 8G
 Pre-touch: Disabled
 Parallel Workers: 4
Heap:
 PSYoungGen      total 455680K, used 125144K [0x0000000755580000, 0x0000000773c80000, 0x0000000800000000)
  eden space 415744K, 30% used [0x0000000755580000,0x000000075cfb6328,0x000000076eb80000)
  from space 39936K, 0% used [0x0000000771580000,0x0000000771580000,0x0000000773c80000)
  to   space 41472K, 0% used [0x000000076eb80000,0x000000076eb80000,0x0000000771400000)
 ParOldGen       total 223744K, used 133661K [0x0000000600000000, 0x000000060da80000, 0x0000000755580000)
  object space 223744K, 59% used [0x0000000600000000,0x0000000608287760,0x000000060da80000)
 Metaspace       used 188846K, committed 191680K, reserved 1048576K
  class space    used 23607K, committed 25024K, reserved 851968K
GC Heap History (20 events):
Event: 36.193 GC heap before
{Heap before GC invocations=23 (full 4):
 PSYoungGen      total 132608K, used 132576K [0x0000000755580000, 0x000000075ec00000, 0x0000000800000000)
  eden space 116224K, 100% used [0x0000000755580000,0x000000075c700000,0x000000075c700000)
  from space 16384K, 99% used [0x000000075db80000,0x000000075eb78060,0x000000075eb80000)
  to   space 18944K, 0% used [0x000000075c700000,0x000000075c700000,0x000000075d980000)
 ParOldGen       total 87552K, used 84966K [0x0000000600000000, 0x0000000605580000, 0x0000000755580000)
  object space 87552K, 97% used [0x0000000600000000,0x00000006052f99f0,0x0000000605580000)
 Metaspace       used 102134K, committed 104576K, reserved 983040K
  class space    used 13989K, committed 15232K, reserved 851968K
}
Event: 36.239 GC heap after
{Heap after GC invocations=23 (full 4):
 PSYoungGen      total 135168K, used 9296K [0x0000000755580000, 0x0000000761880000, 0x0000000800000000)
  eden space 116224K, 0% used [0x0000000755580000,0x0000000755580000,0x000000075c700000)
  from space 18944K, 49% used [0x000000075c700000,0x000000075d014090,0x000000075d980000)
  to   space 18432K, 0% used [0x0000000760680000,0x0000000760680000,0x0000000761880000)
 ParOldGen       total 99328K, used 98906K [0x0000000600000000, 0x0000000606100000, 0x0000000755580000)
  object space 99328K, 99% used [0x0000000600000000,0x00000006060969f0,0x0000000606100000)
 Metaspace       used 102134K, committed 104576K, reserved 983040K
  class space    used 13989K, committed 15232K, reserved 851968K
}
Event: 38.561 GC heap before
{Heap before GC invocations=24 (full 4):
 PSYoungGen      total 135168K, used 125520K [0x0000000755580000, 0x0000000761880000, 0x0000000800000000)
  eden space 116224K, 100% used [0x0000000755580000,0x000000075c700000,0x000000075c700000)
  from space 18944K, 49% used [0x000000075c700000,0x000000075d014090,0x000000075d980000)
  to   space 18432K, 0% used [0x0000000760680000,0x0000000760680000,0x0000000761880000)
 ParOldGen       total 99328K, used 98906K [0x0000000600000000, 0x0000000606100000, 0x0000000755580000)
  object space 99328K, 99% used [0x0000000600000000,0x00000006060969f0,0x0000000606100000)
 Metaspace       used 102732K, committed 105152K, reserved 983040K
  class space    used 14069K, committed 15296K, reserved 851968K
}
Event: 38.654 GC heap after
{Heap after GC invocations=24 (full 4):
 PSYoungGen      total 171520K, used 18416K [0x0000000755580000, 0x0000000762b80000, 0x0000000800000000)
  eden space 153088K, 0% used [0x0000000755580000,0x0000000755580000,0x000000075eb00000)
  from space 18432K, 99% used [0x0000000760680000,0x000000076187c050,0x0000000761880000)
  to   space 28160K, 0% used [0x000000075eb00000,0x000000075eb00000,0x0000000760680000)
 ParOldGen       total 118272K, used 118082K [0x0000000600000000, 0x0000000607380000, 0x0000000755580000)
  object space 118272K, 99% used [0x0000000600000000,0x0000000607350bd0,0x0000000607380000)
 Metaspace       used 102732K, committed 105152K, reserved 983040K
  class space    used 14069K, committed 15296K, reserved 851968K
}
Event: 45.563 GC heap before
{Heap before GC invocations=25 (full 4):
 PSYoungGen      total 171520K, used 171504K [0x0000000755580000, 0x0000000762b80000, 0x0000000800000000)
  eden space 153088K, 100% used [0x0000000755580000,0x000000075eb00000,0x000000075eb00000)
  from space 18432K, 99% used [0x0000000760680000,0x000000076187c050,0x0000000761880000)
  to   space 28160K, 0% used [0x000000075eb00000,0x000000075eb00000,0x0000000760680000)
 ParOldGen       total 118272K, used 118082K [0x0000000600000000, 0x0000000607380000, 0x0000000755580000)
  object space 118272K, 99% used [0x0000000600000000,0x0000000607350bd0,0x0000000607380000)
 Metaspace       used 123900K, committed 126400K, reserved 983040K
  class space    used 16776K, committed 18048K, reserved 851968K
}
Event: 45.630 GC heap after
{Heap after GC invocations=25 (full 4):
 PSYoungGen      total 181248K, used 22552K [0x0000000755580000, 0x0000000766200000, 0x0000000800000000)
  eden space 153088K, 0% used [0x0000000755580000,0x0000000755580000,0x000000075eb00000)
  from space 28160K, 80% used [0x000000075eb00000,0x00000007601063c8,0x0000000760680000)
  to   space 30208K, 0% used [0x0000000764480000,0x0000000764480000,0x0000000766200000)
 ParOldGen       total 134144K, used 133890K [0x0000000600000000, 0x0000000608300000, 0x0000000755580000)
  object space 134144K, 99% used [0x0000000600000000,0x00000006082c0ac0,0x0000000608300000)
 Metaspace       used 123900K, committed 126400K, reserved 983040K
  class space    used 16776K, committed 18048K, reserved 851968K
}
Event: 50.343 GC heap before
{Heap before GC invocations=26 (full 4):
 PSYoungGen      total 181248K, used 175640K [0x0000000755580000, 0x0000000766200000, 0x0000000800000000)
  eden space 153088K, 100% used [0x0000000755580000,0x000000075eb00000,0x000000075eb00000)
  from space 28160K, 80% used [0x000000075eb00000,0x00000007601063c8,0x0000000760680000)
  to   space 30208K, 0% used [0x0000000764480000,0x0000000764480000,0x0000000766200000)
 ParOldGen       total 134144K, used 133890K [0x0000000600000000, 0x0000000608300000, 0x0000000755580000)
  object space 134144K, 99% used [0x0000000600000000,0x00000006082c0ac0,0x0000000608300000)
 Metaspace       used 129357K, committed 131968K, reserved 983040K
  class space    used 17283K, committed 18624K, reserved 851968K
}
Event: 50.390 GC heap after
{Heap after GC invocations=26 (full 4):
 PSYoungGen      total 242688K, used 9409K [0x0000000755580000, 0x0000000766000000, 0x0000000800000000)
  eden space 214528K, 0% used [0x0000000755580000,0x0000000755580000,0x0000000762700000)
  from space 28160K, 33% used [0x0000000764480000,0x0000000764db04b8,0x0000000766000000)
  to   space 29184K, 0% used [0x0000000762700000,0x0000000762700000,0x0000000764380000)
 ParOldGen       total 155136K, used 155015K [0x0000000600000000, 0x0000000609780000, 0x0000000755580000)
  object space 155136K, 99% used [0x0000000600000000,0x0000000609761f88,0x0000000609780000)
 Metaspace       used 129357K, committed 131968K, reserved 983040K
  class space    used 17283K, committed 18624K, reserved 851968K
}
Event: 55.177 GC heap before
{Heap before GC invocations=27 (full 4):
 PSYoungGen      total 242688K, used 223937K [0x0000000755580000, 0x0000000766000000, 0x0000000800000000)
  eden space 214528K, 100% used [0x0000000755580000,0x0000000762700000,0x0000000762700000)
  from space 28160K, 33% used [0x0000000764480000,0x0000000764db04b8,0x0000000766000000)
  to   space 29184K, 0% used [0x0000000762700000,0x0000000762700000,0x0000000764380000)
 ParOldGen       total 155136K, used 155015K [0x0000000600000000, 0x0000000609780000, 0x0000000755580000)
  object space 155136K, 99% used [0x0000000600000000,0x0000000609761f88,0x0000000609780000)
 Metaspace       used 151251K, committed 153856K, reserved 1048576K
  class space    used 19552K, committed 20864K, reserved 851968K
}
Event: 55.215 GC heap after
{Heap after GC invocations=27 (full 4):
 PSYoungGen      total 243712K, used 15794K [0x0000000755580000, 0x000000076b300000, 0x0000000800000000)
  eden space 214528K, 0% used [0x0000000755580000,0x0000000755580000,0x0000000762700000)
  from space 29184K, 54% used [0x0000000762700000,0x000000076366ca80,0x0000000764380000)
  to   space 28672K, 0% used [0x0000000769700000,0x0000000769700000,0x000000076b300000)
 ParOldGen       total 164352K, used 164039K [0x0000000600000000, 0x000000060a080000, 0x0000000755580000)
  object space 164352K, 99% used [0x0000000600000000,0x000000060a031c58,0x000000060a080000)
 Metaspace       used 151251K, committed 153856K, reserved 1048576K
  class space    used 19552K, committed 20864K, reserved 851968K
}
Event: 60.164 GC heap before
{Heap before GC invocations=28 (full 4):
 PSYoungGen      total 243712K, used 150077K [0x0000000755580000, 0x000000076b300000, 0x0000000800000000)
  eden space 214528K, 62% used [0x0000000755580000,0x000000075d8a2bd0,0x0000000762700000)
  from space 29184K, 54% used [0x0000000762700000,0x000000076366ca80,0x0000000764380000)
  to   space 28672K, 0% used [0x0000000769700000,0x0000000769700000,0x000000076b300000)
 ParOldGen       total 164352K, used 164039K [0x0000000600000000, 0x000000060a080000, 0x0000000755580000)
  object space 164352K, 99% used [0x0000000600000000,0x000000060a031c58,0x000000060a080000)
 Metaspace       used 163467K, committed 166080K, reserved 1048576K
  class space    used 20891K, committed 22208K, reserved 851968K
}
Event: 60.304 GC heap after
{Heap after GC invocations=28 (full 4):
 PSYoungGen      total 325632K, used 25990K [0x0000000755580000, 0x000000076ba00000, 0x0000000800000000)
  eden space 296960K, 0% used [0x0000000755580000,0x0000000755580000,0x0000000767780000)
  from space 28672K, 90% used [0x0000000769700000,0x000000076b061a90,0x000000076b300000)
  to   space 32256K, 0% used [0x0000000767780000,0x0000000767780000,0x0000000769700000)
 ParOldGen       total 179712K, used 179660K [0x0000000600000000, 0x000000060af80000, 0x0000000755580000)
  object space 179712K, 99% used [0x0000000600000000,0x000000060af73260,0x000000060af80000)
 Metaspace       used 163467K, committed 166080K, reserved 1048576K
  class space    used 20891K, committed 22208K, reserved 851968K
}
Event: 60.304 GC heap before
{Heap before GC invocations=29 (full 5):
 PSYoungGen      total 325632K, used 25990K [0x0000000755580000, 0x000000076ba00000, 0x0000000800000000)
  eden space 296960K, 0% used [0x0000000755580000,0x0000000755580000,0x0000000767780000)
  from space 28672K, 90% used [0x0000000769700000,0x000000076b061a90,0x000000076b300000)
  to   space 32256K, 0% used [0x0000000767780000,0x0000000767780000,0x0000000769700000)
 ParOldGen       total 179712K, used 179660K [0x0000000600000000, 0x000000060af80000, 0x0000000755580000)
  object space 179712K, 99% used [0x0000000600000000,0x000000060af73260,0x000000060af80000)
 Metaspace       used 163467K, committed 166080K, reserved 1048576K
  class space    used 20891K, committed 22208K, reserved 851968K
}
Event: 60.919 GC heap after
{Heap after GC invocations=29 (full 5):
 PSYoungGen      total 325632K, used 0K [0x0000000755580000, 0x000000076ba00000, 0x0000000800000000)
  eden space 296960K, 0% used [0x0000000755580000,0x0000000755580000,0x0000000767780000)
  from space 28672K, 0% used [0x0000000769700000,0x0000000769700000,0x000000076b300000)
  to   space 32256K, 0% used [0x0000000767780000,0x0000000767780000,0x0000000769700000)
 ParOldGen       total 179712K, used 175252K [0x0000000600000000, 0x000000060af80000, 0x0000000755580000)
  object space 179712K, 97% used [0x0000000600000000,0x000000060ab25380,0x000000060af80000)
 Metaspace       used 163467K, committed 166080K, reserved 1048576K
  class space    used 20891K, committed 22208K, reserved 851968K
}
Event: 77.814 GC heap before
{Heap before GC invocations=30 (full 5):
 PSYoungGen      total 325632K, used 296960K [0x0000000755580000, 0x000000076ba00000, 0x0000000800000000)
  eden space 296960K, 100% used [0x0000000755580000,0x0000000767780000,0x0000000767780000)
  from space 28672K, 0% used [0x0000000769700000,0x0000000769700000,0x000000076b300000)
  to   space 32256K, 0% used [0x0000000767780000,0x0000000767780000,0x0000000769700000)
 ParOldGen       total 179712K, used 175252K [0x0000000600000000, 0x000000060af80000, 0x0000000755580000)
  object space 179712K, 97% used [0x0000000600000000,0x000000060ab25380,0x000000060af80000)
 Metaspace       used 182541K, committed 185280K, reserved 1048576K
  class space    used 23012K, committed 24384K, reserved 851968K
}
Event: 78.188 GC heap after
{Heap after GC invocations=30 (full 5):
 PSYoungGen      total 329216K, used 32242K [0x0000000755580000, 0x0000000773f80000, 0x0000000800000000)
  eden space 296960K, 0% used [0x0000000755580000,0x0000000755580000,0x0000000767780000)
  from space 32256K, 99% used [0x0000000767780000,0x00000007696fc918,0x0000000769700000)
  to   space 43008K, 0% used [0x0000000771580000,0x0000000771580000,0x0000000773f80000)
 ParOldGen       total 192000K, used 191582K [0x0000000600000000, 0x000000060bb80000, 0x0000000755580000)
  object space 192000K, 99% used [0x0000000600000000,0x000000060bb17938,0x000000060bb80000)
 Metaspace       used 182541K, committed 185280K, reserved 1048576K
  class space    used 23012K, committed 24384K, reserved 851968K
}
Event: 101.180 GC heap before
{Heap before GC invocations=31 (full 5):
 PSYoungGen      total 329216K, used 176143K [0x0000000755580000, 0x0000000773f80000, 0x0000000800000000)
  eden space 296960K, 48% used [0x0000000755580000,0x000000075e207508,0x0000000767780000)
  from space 32256K, 99% used [0x0000000767780000,0x00000007696fc918,0x0000000769700000)
  to   space 43008K, 0% used [0x0000000771580000,0x0000000771580000,0x0000000773f80000)
 ParOldGen       total 192000K, used 191582K [0x0000000600000000, 0x000000060bb80000, 0x0000000755580000)
  object space 192000K, 99% used [0x0000000600000000,0x000000060bb17938,0x000000060bb80000)
 Metaspace       used 186271K, committed 188928K, reserved 1048576K
  class space    used 23421K, committed 24768K, reserved 851968K
}
Event: 101.497 GC heap after
{Heap after GC invocations=31 (full 5):
 PSYoungGen      total 455680K, used 12852K [0x0000000755580000, 0x0000000773c80000, 0x0000000800000000)
  eden space 415744K, 0% used [0x0000000755580000,0x0000000755580000,0x000000076eb80000)
  from space 39936K, 32% used [0x0000000771580000,0x000000077220d210,0x0000000773c80000)
  to   space 41472K, 0% used [0x000000076eb80000,0x000000076eb80000,0x0000000771400000)
 ParOldGen       total 223744K, used 223586K [0x0000000600000000, 0x000000060da80000, 0x0000000755580000)
  object space 223744K, 99% used [0x0000000600000000,0x000000060da58820,0x000000060da80000)
 Metaspace       used 186271K, committed 188928K, reserved 1048576K
  class space    used 23421K, committed 24768K, reserved 851968K
}
Event: 101.498 GC heap before
{Heap before GC invocations=32 (full 6):
 PSYoungGen      total 455680K, used 12852K [0x0000000755580000, 0x0000000773c80000, 0x0000000800000000)
  eden space 415744K, 0% used [0x0000000755580000,0x0000000755580000,0x000000076eb80000)
  from space 39936K, 32% used [0x0000000771580000,0x000000077220d210,0x0000000773c80000)
  to   space 41472K, 0% used [0x000000076eb80000,0x000000076eb80000,0x0000000771400000)
 ParOldGen       total 223744K, used 223586K [0x0000000600000000, 0x000000060da80000, 0x0000000755580000)
  object space 223744K, 99% used [0x0000000600000000,0x000000060da58820,0x000000060da80000)
 Metaspace       used 186271K, committed 188928K, reserved 1048576K
  class space    used 23421K, committed 24768K, reserved 851968K
}
Event: 104.774 GC heap after
{Heap after GC invocations=32 (full 6):
 PSYoungGen      total 455680K, used 0K [0x0000000755580000, 0x0000000773c80000, 0x0000000800000000)
  eden space 415744K, 0% used [0x0000000755580000,0x0000000755580000,0x000000076eb80000)
  from space 39936K, 0% used [0x0000000771580000,0x0000000771580000,0x0000000773c80000)
  to   space 41472K, 0% used [0x000000076eb80000,0x000000076eb80000,0x0000000771400000)
 ParOldGen       total 223744K, used 133661K [0x0000000600000000, 0x000000060da80000, 0x0000000755580000)
  object space 223744K, 59% used [0x0000000600000000,0x0000000608287760,0x000000060da80000)
 Metaspace       used 176828K, committed 182016K, reserved 1048576K
  class space    used 22260K, committed 24128K, reserved 851968K
}

