# JRE version: OpenJDK Runtime Environment Temurin-21.0.7+6 (21.0.7+6) (build 21.0.7+6-LTS)
# Java VM: OpenJDK 64-Bit Server VM Temurin-21.0.7+6 (21.0.7+6-LTS, mixed mode, sharing, tiered, compressed oops, compressed class ptrs, parallel gc, windows-amd64)
GC Precious Log:
 CardTable entry size: 512
 CPUs: 4 total, 4 available
 Memory: 8095M
 Large Page Support: Disabled
 NUMA Support: Disabled
 Compressed Oops: Enabled (Zero based)
 Alignments: Space 512K, Generation 512K, Heap 2M
 Heap Min Capacity: 8M
 Heap Initial Capacity: 128M
 Heap Max Capacity: 8G
 Pre-touch: Disabled
 Parallel Workers: 4
Heap:
 PSYoungGen      total 151040K, used 102200K [0x0000000755580000, 0x0000000760280000, 0x0000000800000000)
  eden space 136192K, 64% used [0x0000000755580000,0x000000075aafa148,0x000000075da80000)
  from space 14848K, 98% used [0x000000075e000000,0x000000075ee54030,0x000000075ee80000)
  to   space 20480K, 0% used [0x000000075ee80000,0x000000075ee80000,0x0000000760280000)
 ParOldGen       total 106496K, used 106115K [0x0000000600000000, 0x0000000606800000, 0x0000000755580000)
  object space 106496K, 99% used [0x0000000600000000,0x00000006067a0cb0,0x0000000606800000)
 Metaspace       used 117427K, committed 120000K, reserved 983040K
  class space    used 15715K, committed 17024K, reserved 851968K
GC Heap History (20 events):
Event: 21.474 GC heap before
{Heap before GC invocations=16 (full 2):
 PSYoungGen      total 117248K, used 72934K [0x0000000755580000, 0x0000000761000000, 0x0000000800000000)
  eden space 104448K, 63% used [0x0000000755580000,0x0000000759671a68,0x000000075bb80000)
  from space 12800K, 50% used [0x000000075bb80000,0x000000075c1c8000,0x000000075c800000)
  to   space 11776K, 0% used [0x0000000760480000,0x0000000760480000,0x0000000761000000)
 ParOldGen       total 87552K, used 40813K [0x0000000600000000, 0x0000000605580000, 0x0000000755580000)
  object space 87552K, 46% used [0x0000000600000000,0x00000006027db4b8,0x0000000605580000)
 Metaspace       used 57827K, committed 59776K, reserved 917504K
  class space    used 8107K, committed 9088K, reserved 851968K
}
Event: 21.489 GC heap after
{Heap after GC invocations=16 (full 2):
 PSYoungGen      total 174080K, used 11770K [0x0000000755580000, 0x0000000761a00000, 0x0000000800000000)
  eden space 162304K, 0% used [0x0000000755580000,0x0000000755580000,0x000000075f400000)
  from space 11776K, 99% used [0x0000000760480000,0x0000000760ffeba0,0x0000000761000000)
  to   space 16896K, 0% used [0x000000075f400000,0x000000075f400000,0x0000000760480000)
 ParOldGen       total 87552K, used 49679K [0x0000000600000000, 0x0000000605580000, 0x0000000755580000)
  object space 87552K, 56% used [0x0000000600000000,0x0000000603083ec8,0x0000000605580000)
 Metaspace       used 57827K, committed 59776K, reserved 917504K
  class space    used 8107K, committed 9088K, reserved 851968K
}
Event: 21.489 GC heap before
{Heap before GC invocations=17 (full 3):
 PSYoungGen      total 174080K, used 11770K [0x0000000755580000, 0x0000000761a00000, 0x0000000800000000)
  eden space 162304K, 0% used [0x0000000755580000,0x0000000755580000,0x000000075f400000)
  from space 11776K, 99% used [0x0000000760480000,0x0000000760ffeba0,0x0000000761000000)
  to   space 16896K, 0% used [0x000000075f400000,0x000000075f400000,0x0000000760480000)
 ParOldGen       total 87552K, used 49679K [0x0000000600000000, 0x0000000605580000, 0x0000000755580000)
  object space 87552K, 56% used [0x0000000600000000,0x0000000603083ec8,0x0000000605580000)
 Metaspace       used 57827K, committed 59776K, reserved 917504K
  class space    used 8107K, committed 9088K, reserved 851968K
}
Event: 21.728 GC heap after
{Heap after GC invocations=17 (full 3):
 PSYoungGen      total 174080K, used 0K [0x0000000755580000, 0x0000000761a00000, 0x0000000800000000)
  eden space 162304K, 0% used [0x0000000755580000,0x0000000755580000,0x000000075f400000)
  from space 11776K, 0% used [0x0000000760480000,0x0000000760480000,0x0000000761000000)
  to   space 16896K, 0% used [0x000000075f400000,0x000000075f400000,0x0000000760480000)
 ParOldGen       total 87552K, used 58230K [0x0000000600000000, 0x0000000605580000, 0x0000000755580000)
  object space 87552K, 66% used [0x0000000600000000,0x00000006038dd8d8,0x0000000605580000)
 Metaspace       used 57827K, committed 59776K, reserved 917504K
  class space    used 8107K, committed 9088K, reserved 851968K
}
Event: 25.972 GC heap before
{Heap before GC invocations=18 (full 3):
 PSYoungGen      total 174080K, used 162304K [0x0000000755580000, 0x0000000761a00000, 0x0000000800000000)
  eden space 162304K, 100% used [0x0000000755580000,0x000000075f400000,0x000000075f400000)
  from space 11776K, 0% used [0x0000000760480000,0x0000000760480000,0x0000000761000000)
  to   space 16896K, 0% used [0x000000075f400000,0x000000075f400000,0x0000000760480000)
 ParOldGen       total 87552K, used 58230K [0x0000000600000000, 0x0000000605580000, 0x0000000755580000)
  object space 87552K, 66% used [0x0000000600000000,0x00000006038dd8d8,0x0000000605580000)
 Metaspace       used 72282K, committed 74432K, reserved 917504K
  class space    used 9894K, committed 10944K, reserved 851968K
}
Event: 25.990 GC heap after
{Heap after GC invocations=18 (full 3):
 PSYoungGen      total 171008K, used 14856K [0x0000000755580000, 0x0000000761180000, 0x0000000800000000)
  eden space 155648K, 0% used [0x0000000755580000,0x0000000755580000,0x000000075ed80000)
  from space 15360K, 96% used [0x000000075f400000,0x00000007602822c0,0x0000000760300000)
  to   space 14848K, 0% used [0x0000000760300000,0x0000000760300000,0x0000000761180000)
 ParOldGen       total 87552K, used 58238K [0x0000000600000000, 0x0000000605580000, 0x0000000755580000)
  object space 87552K, 66% used [0x0000000600000000,0x00000006038df8d8,0x0000000605580000)
 Metaspace       used 72282K, committed 74432K, reserved 917504K
  class space    used 9894K, committed 10944K, reserved 851968K
}
Event: 29.892 GC heap before
{Heap before GC invocations=19 (full 3):
 PSYoungGen      total 171008K, used 170504K [0x0000000755580000, 0x0000000761180000, 0x0000000800000000)
  eden space 155648K, 100% used [0x0000000755580000,0x000000075ed80000,0x000000075ed80000)
  from space 15360K, 96% used [0x000000075f400000,0x00000007602822c0,0x0000000760300000)
  to   space 14848K, 0% used [0x0000000760300000,0x0000000760300000,0x0000000761180000)
 ParOldGen       total 87552K, used 58238K [0x0000000600000000, 0x0000000605580000, 0x0000000755580000)
  object space 87552K, 66% used [0x0000000600000000,0x00000006038df8d8,0x0000000605580000)
 Metaspace       used 83210K, committed 85440K, reserved 983040K
  class space    used 11399K, committed 12544K, reserved 851968K
}
Event: 29.917 GC heap after
{Heap after GC invocations=19 (full 3):
 PSYoungGen      total 158208K, used 8624K [0x0000000755580000, 0x0000000760b80000, 0x0000000800000000)
  eden space 149504K, 0% used [0x0000000755580000,0x0000000755580000,0x000000075e780000)
  from space 8704K, 99% used [0x0000000760300000,0x0000000760b6c200,0x0000000760b80000)
  to   space 17408K, 0% used [0x000000075e980000,0x000000075e980000,0x000000075fa80000)
 ParOldGen       total 87552K, used 69556K [0x0000000600000000, 0x0000000605580000, 0x0000000755580000)
  object space 87552K, 79% used [0x0000000600000000,0x00000006043ed350,0x0000000605580000)
 Metaspace       used 83210K, committed 85440K, reserved 983040K
  class space    used 11399K, committed 12544K, reserved 851968K
}
Event: 34.038 GC heap before
{Heap before GC invocations=20 (full 3):
 PSYoungGen      total 158208K, used 158128K [0x0000000755580000, 0x0000000760b80000, 0x0000000800000000)
  eden space 149504K, 100% used [0x0000000755580000,0x000000075e780000,0x000000075e780000)
  from space 8704K, 99% used [0x0000000760300000,0x0000000760b6c200,0x0000000760b80000)
  to   space 17408K, 0% used [0x000000075e980000,0x000000075e980000,0x000000075fa80000)
 ParOldGen       total 87552K, used 69556K [0x0000000600000000, 0x0000000605580000, 0x0000000755580000)
  object space 87552K, 79% used [0x0000000600000000,0x00000006043ed350,0x0000000605580000)
 Metaspace       used 94477K, committed 96896K, reserved 983040K
  class space    used 13130K, committed 14336K, reserved 851968K
}
Event: 34.065 GC heap after
{Heap after GC invocations=20 (full 3):
 PSYoungGen      total 150528K, used 6312K [0x0000000755580000, 0x0000000760380000, 0x0000000800000000)
  eden space 143872K, 0% used [0x0000000755580000,0x0000000755580000,0x000000075e200000)
  from space 6656K, 94% used [0x000000075e980000,0x000000075efaa178,0x000000075f000000)
  to   space 16896K, 0% used [0x000000075f300000,0x000000075f300000,0x0000000760380000)
 ParOldGen       total 87552K, used 78082K [0x0000000600000000, 0x0000000605580000, 0x0000000755580000)
  object space 87552K, 89% used [0x0000000600000000,0x0000000604c408f0,0x0000000605580000)
 Metaspace       used 94477K, committed 96896K, reserved 983040K
  class space    used 13130K, committed 14336K, reserved 851968K
}
Event: 34.814 GC heap before
{Heap before GC invocations=21 (full 3):
 PSYoungGen      total 150528K, used 36697K [0x0000000755580000, 0x0000000760380000, 0x0000000800000000)
  eden space 143872K, 21% used [0x0000000755580000,0x000000075732c2b0,0x000000075e200000)
  from space 6656K, 94% used [0x000000075e980000,0x000000075efaa178,0x000000075f000000)
  to   space 16896K, 0% used [0x000000075f300000,0x000000075f300000,0x0000000760380000)
 ParOldGen       total 87552K, used 78082K [0x0000000600000000, 0x0000000605580000, 0x0000000755580000)
  object space 87552K, 89% used [0x0000000600000000,0x0000000604c408f0,0x0000000605580000)
 Metaspace       used 97261K, committed 99648K, reserved 983040K
  class space    used 13444K, committed 14656K, reserved 851968K
}
Event: 34.828 GC heap after
{Heap after GC invocations=21 (full 3):
 PSYoungGen      total 160768K, used 1924K [0x0000000755580000, 0x0000000760400000, 0x0000000800000000)
  eden space 143872K, 0% used [0x0000000755580000,0x0000000755580000,0x000000075e200000)
  from space 16896K, 11% used [0x000000075f300000,0x000000075f4e10b8,0x0000000760380000)
  to   space 17408K, 0% used [0x000000075e200000,0x000000075e200000,0x000000075f300000)
 ParOldGen       total 87552K, used 84339K [0x0000000600000000, 0x0000000605580000, 0x0000000755580000)
  object space 87552K, 96% used [0x0000000600000000,0x000000060525ce68,0x0000000605580000)
 Metaspace       used 97261K, committed 99648K, reserved 983040K
  class space    used 13444K, committed 14656K, reserved 851968K
}
Event: 34.828 GC heap before
{Heap before GC invocations=22 (full 4):
 PSYoungGen      total 160768K, used 1924K [0x0000000755580000, 0x0000000760400000, 0x0000000800000000)
  eden space 143872K, 0% used [0x0000000755580000,0x0000000755580000,0x000000075e200000)
  from space 16896K, 11% used [0x000000075f300000,0x000000075f4e10b8,0x0000000760380000)
  to   space 17408K, 0% used [0x000000075e200000,0x000000075e200000,0x000000075f300000)
 ParOldGen       total 87552K, used 84339K [0x0000000600000000, 0x0000000605580000, 0x0000000755580000)
  object space 87552K, 96% used [0x0000000600000000,0x000000060525ce68,0x0000000605580000)
 Metaspace       used 97261K, committed 99648K, reserved 983040K
  class space    used 13444K, committed 14656K, reserved 851968K
}
Event: 35.124 GC heap after
{Heap after GC invocations=22 (full 4):
 PSYoungGen      total 160768K, used 0K [0x0000000755580000, 0x0000000760400000, 0x0000000800000000)
  eden space 143872K, 0% used [0x0000000755580000,0x0000000755580000,0x000000075e200000)
  from space 16896K, 0% used [0x000000075f300000,0x000000075f300000,0x0000000760380000)
  to   space 17408K, 0% used [0x000000075e200000,0x000000075e200000,0x000000075f300000)
 ParOldGen       total 87552K, used 85234K [0x0000000600000000, 0x0000000605580000, 0x0000000755580000)
  object space 87552K, 97% used [0x0000000600000000,0x000000060533cb48,0x0000000605580000)
 Metaspace       used 97261K, committed 99648K, reserved 983040K
  class space    used 13444K, committed 14656K, reserved 851968K
}
Event: 38.459 GC heap before
{Heap before GC invocations=23 (full 4):
 PSYoungGen      total 160768K, used 143872K [0x0000000755580000, 0x0000000760400000, 0x0000000800000000)
  eden space 143872K, 100% used [0x0000000755580000,0x000000075e200000,0x000000075e200000)
  from space 16896K, 0% used [0x000000075f300000,0x000000075f300000,0x0000000760380000)
  to   space 17408K, 0% used [0x000000075e200000,0x000000075e200000,0x000000075f300000)
 ParOldGen       total 87552K, used 85234K [0x0000000600000000, 0x0000000605580000, 0x0000000755580000)
  object space 87552K, 97% used [0x0000000600000000,0x000000060533cb48,0x0000000605580000)
 Metaspace       used 102023K, committed 104512K, reserved 983040K
  class space    used 13982K, committed 15232K, reserved 851968K
}
Event: 38.483 GC heap after
{Heap after GC invocations=23 (full 4):
 PSYoungGen      total 155648K, used 17392K [0x0000000755580000, 0x0000000760380000, 0x0000000800000000)
  eden space 138240K, 0% used [0x0000000755580000,0x0000000755580000,0x000000075dc80000)
  from space 17408K, 99% used [0x000000075e200000,0x000000075f2fc040,0x000000075f300000)
  to   space 16896K, 0% used [0x000000075f300000,0x000000075f300000,0x0000000760380000)
 ParOldGen       total 87552K, used 85450K [0x0000000600000000, 0x0000000605580000, 0x0000000755580000)
  object space 87552K, 97% used [0x0000000600000000,0x0000000605372b48,0x0000000605580000)
 Metaspace       used 102023K, committed 104512K, reserved 983040K
  class space    used 13982K, committed 15232K, reserved 851968K
}
Event: 41.134 GC heap before
{Heap before GC invocations=24 (full 4):
 PSYoungGen      total 155648K, used 155632K [0x0000000755580000, 0x0000000760380000, 0x0000000800000000)
  eden space 138240K, 100% used [0x0000000755580000,0x000000075dc80000,0x000000075dc80000)
  from space 17408K, 99% used [0x000000075e200000,0x000000075f2fc040,0x000000075f300000)
  to   space 16896K, 0% used [0x000000075f300000,0x000000075f300000,0x0000000760380000)
 ParOldGen       total 87552K, used 85450K [0x0000000600000000, 0x0000000605580000, 0x0000000755580000)
  object space 87552K, 97% used [0x0000000600000000,0x0000000605372b48,0x0000000605580000)
 Metaspace       used 102426K, committed 104832K, reserved 983040K
  class space    used 14012K, committed 15232K, reserved 851968K
}
Event: 41.168 GC heap after
{Heap after GC invocations=24 (full 4):
 PSYoungGen      total 158720K, used 10320K [0x0000000755580000, 0x0000000763880000, 0x0000000800000000)
  eden space 141824K, 0% used [0x0000000755580000,0x0000000755580000,0x000000075e000000)
  from space 16896K, 61% used [0x000000075f300000,0x000000075fd14080,0x0000000760380000)
  to   space 19456K, 0% used [0x000000075e000000,0x000000075e000000,0x000000075f300000)
 ParOldGen       total 100352K, used 99906K [0x0000000600000000, 0x0000000606200000, 0x0000000755580000)
  object space 100352K, 99% used [0x0000000600000000,0x0000000606190b50,0x0000000606200000)
 Metaspace       used 102426K, committed 104832K, reserved 983040K
  class space    used 14012K, committed 15232K, reserved 851968K
}
Event: 45.441 GC heap before
{Heap before GC invocations=25 (full 4):
 PSYoungGen      total 158720K, used 152144K [0x0000000755580000, 0x0000000763880000, 0x0000000800000000)
  eden space 141824K, 100% used [0x0000000755580000,0x000000075e000000,0x000000075e000000)
  from space 16896K, 61% used [0x000000075f300000,0x000000075fd14080,0x0000000760380000)
  to   space 19456K, 0% used [0x000000075e000000,0x000000075e000000,0x000000075f300000)
 ParOldGen       total 100352K, used 99906K [0x0000000600000000, 0x0000000606200000, 0x0000000755580000)
  object space 100352K, 99% used [0x0000000600000000,0x0000000606190b50,0x0000000606200000)
 Metaspace       used 106127K, committed 108544K, reserved 983040K
  class space    used 14408K, committed 15616K, reserved 851968K
}
Event: 45.476 GC heap after
{Heap after GC invocations=25 (full 4):
 PSYoungGen      total 151040K, used 14672K [0x0000000755580000, 0x0000000760280000, 0x0000000800000000)
  eden space 136192K, 0% used [0x0000000755580000,0x0000000755580000,0x000000075da80000)
  from space 14848K, 98% used [0x000000075e000000,0x000000075ee54030,0x000000075ee80000)
  to   space 20480K, 0% used [0x000000075ee80000,0x000000075ee80000,0x0000000760280000)
 ParOldGen       total 106496K, used 106115K [0x0000000600000000, 0x0000000606800000, 0x0000000755580000)
  object space 106496K, 99% used [0x0000000600000000,0x00000006067a0cb0,0x0000000606800000)
 Metaspace       used 106127K, committed 108544K, reserved 983040K
  class space    used 14408K, committed 15616K, reserved 851968K
}

